<?xml version="1.0" encoding="UTF-8"?>
<testsuite name="TestSemantic" tests="8" skipped="0" failures="0" errors="0" timestamp="2026-04-21T14:17:27" hostname="LAPTOP-DN38APMF" time="0.045">
  <properties/>
  <testcase name="testOperatorError" classname="TestSemantic" time="0.023"/>
  <testcase name="testScopeError" classname="TestSemantic" time="0.002"/>
  <testcase name="testMissingConditionError" classname="TestSemantic" time="0.0"/>
  <testcase name="testValidProgram" classname="TestSemantic" time="0.0"/>
  <testcase name="testCollectionError" classname="TestSemantic" time="0.003"/>
  <testcase name="testTypeError" classname="TestSemantic" time="0.004"/>
  <testcase name="testArgumentError" classname="TestSemantic" time="0.011"/>
  <testcase name="testReturnError" classname="TestSemantic" time="0.001"/>
  <system-out><![CDATA[]]></system-out>
  <system-err><![CDATA[]]></system-err>
</testsuite>
