<?xml version="1.0" encoding="UTF-8"?>
<testsuite name="TestParser" tests="8" skipped="0" failures="0" errors="0" timestamp="2026-04-20T19:22:42" hostname="LAPTOP-DN38APMF" time="0.019">
  <properties/>
  <testcase name="testSimpleVariableDeclaration" classname="TestParser" time="0.009"/>
  <testcase name="testMissingAssign" classname="TestParser" time="0.005"/>
  <testcase name="testMissingSemicolon" classname="TestParser" time="0.0"/>
  <testcase name="test" classname="TestParser" time="0.0"/>
  <testcase name="testCollectionDeclaration" classname="TestParser" time="0.002"/>
  <testcase name="testFunctionDeclaration" classname="TestParser" time="0.001"/>
  <testcase name="testMultipleDeclarations" classname="TestParser" time="0.001"/>
  <testcase name="testUnterminatedBlock" classname="TestParser" time="0.0"/>
  <system-out><![CDATA[]]></system-out>
  <system-err><![CDATA[]]></system-err>
</testsuite>
