<?xml version="1.0" encoding="UTF-8"?>
<testsuite name="TestLexer" tests="9" skipped="0" failures="0" errors="0" timestamp="2026-04-20T19:22:42" hostname="LAPTOP-DN38APMF" time="0.008">
  <properties/>
  <testcase name="testOperators" classname="TestLexer" time="0.003"/>
  <testcase name="testFloatStartingWithDot" classname="TestLexer" time="0.0"/>
  <testcase name="testSimpleDeclaration" classname="TestLexer" time="0.001"/>
  <testcase name="testInvalidCharacter" classname="TestLexer" time="0.003"/>
  <testcase name="test" classname="TestLexer" time="0.0"/>
  <testcase name="testUnterminatedString" classname="TestLexer" time="0.0"/>
  <testcase name="testStringEscape" classname="TestLexer" time="0.0"/>
  <testcase name="testWhitespaceEq" classname="TestLexer" time="0.0"/>
  <testcase name="testBooleanLiteral" classname="TestLexer" time="0.0"/>
  <system-out><![CDATA[]]></system-out>
  <system-err><![CDATA[]]></system-err>
</testsuite>
